2025-09-24 10:40:51, MOVE, v:1, k:animal, mode:DOWN
2025-09-24 10:40:54, MOVE, v:1, k:animal, mode:PICK
2025-09-24 10:41:06, EXEC, v:1, k:animal, mode:FULL, rate:0, size:0
2025-09-24 10:41:06, EXEC, v:1, k:animal, mode:FULL, rate:0, size:0
2025-09-24 10:41:10, MOVE, v:1, k:animal, mode:BACK
2025-09-24 10:57:08, MOVE, v:1, k:animal, mode:PICK
2025-09-24 10:57:09, EXEC, v:1, k:animal, mode:FULL, rate:0, size:7
2025-09-24 10:57:23, EXEC, v:1, k:animal, mode:FULL, rate:0, size:8
2025-09-24 10:57:24, EXEC, v:1, k:animal, mode:FULL, rate:0
2025-09-24 10:57:25, EXEC, v:1, k:animal, mode:FULL, rate:0
2025-09-24 11:02:37, MOVE, v:1, k:animal, mode:PICK
2025-09-24 11:02:37, EXEC, v:1, k:animal, mode:FULL, rate:0, size:9
2025-09-24 11:02:39, EXEC, v:1, k:animal, mode:FULL, rate:0
2025-09-24 11:02:39, EXEC, v:1, k:animal, mode:FULL, rate:0
2025-09-24 11:02:40, EXEC, v:1, k:animal, mode:FULL, rate:0
2025-09-24 11:03:10, EXEC, v:1, k:animal, mode:FULL, rate:0, size:9
2025-09-24 11:03:10, EXEC, v:1, k:animal, mode:FULL, rate:0, size:9
2025-09-24 11:03:11, EXEC, v:1, k:animal, mode:FULL, rate:0, size:9
2025-09-24 11:03:49, EXEC, v:1, k:animal, mode:FULL, rate:0, size:10
2025-09-24 11:03:49, EXEC, v:1, k:animal, mode:FULL, rate:0, size:10
2025-09-24 11:03:50, EXEC, v:1, k:animal, mode:FULL, rate:0, size:10
2025-09-24 11:22:09, EXEC, v:1, k:animal, mode:FULL, rate:0, size:21
2025-09-24 11:22:10, EXEC, v:1, k:animal, mode:FULL, rate:0
2025-09-24 11:22:11, EXEC, v:1, k:animal, mode:FULL, rate:0
2025-09-24 11:23:52, EXEC, v:1, k:animal, mode:FULL, rate:0, size:22
2025-09-24 11:23:53, EXEC, v:1, k:animal, mode:FULL, rate:0
2025-09-24 11:23:53, EXEC, v:1, k:animal, mode:FULL, rate:0
2025-09-24 11:23:53, EXEC, v:1, k:animal, mode:FULL, rate:0
2025-09-24 11:25:29, EXEC, v:1, k:animal, mode:FULL, rate:0, size:22
2025-09-24 11:25:30, EXEC, v:1, k:animal, mode:FULL, rate:0
2025-09-24 11:35:24, EXEC, v:1, k:animal, mode:FULL, rate:0, size:30
2025-09-24 11:35:25, EXEC, v:1, k:animal, mode:FULL, rate:0
2025-09-24 11:45:03, MOVE, v:1, k:animal, mode:BACK
2025-09-24 13:02:25, MOVE, v:1, k:animal, mode:PICK
2025-09-24 13:02:26, EXEC, v:1, k:animal, mode:FULL, rate:0, size:38
2025-09-24 13:02:28, EXEC, v:1, k:animal, mode:FULL, rate:0
2025-09-24 13:02:28, EXEC, v:1, k:animal, mode:FULL, rate:0
2025-09-24 13:02:29, EXEC, v:1, k:animal, mode:FULL, rate:0
2025-09-24 13:02:29, EXEC, v:1, k:animal, mode:FULL, rate:0
2025-09-24 13:02:29, EXEC, v:1, k:animal, mode:FULL, rate:0
2025-09-24 13:02:29, EXEC, v:1, k:animal, mode:FULL, rate:0
2025-09-24 13:02:29, EXEC, v:1, k:animal, mode:FULL, rate:0
2025-09-24 13:02:29, EXEC, v:1, k:animal, mode:FULL, rate:0
2025-09-24 13:02:30, EXEC, v:1, k:animal, mode:FULL, rate:0
2025-09-24 13:02:30, EXEC, v:1, k:animal, mode:FULL, rate:0
2025-09-24 13:02:30, EXEC, v:1, k:animal, mode:FULL, rate:0
2025-09-24 13:02:30, EXEC, v:1, k:animal, mode:FULL, rate:0
2025-09-24 13:02:30, EXEC, v:1, k:animal, mode:FULL, rate:0
2025-09-24 13:02:30, EXEC, v:1, k:animal, mode:FULL, rate:0
2025-09-24 13:02:31, EXEC, v:1, k:animal, mode:FULL, rate:0
2025-09-24 13:02:31, EXEC, v:1, k:animal, mode:FULL, rate:0
2025-09-24 13:11:38, EXEC, v:1, k:animal, mode:FULL, rate:0, size:45
2025-09-24 13:11:39, EXEC, v:1, k:animal, mode:FULL, rate:0
2025-09-24 13:27:48, EXEC, v:1, k:animal, mode:FULL, rate:0, size:56
2025-09-24 13:27:48, EXEC, v:1, k:animal, mode:FULL, rate:0, size:56
2025-09-24 13:27:49, EXEC, v:1, k:animal, mode:FULL, rate:0, size:56
2025-09-24 13:27:49, EXEC, v:1, k:animal, mode:FULL, rate:0, size:56
2025-09-24 13:27:51, EXEC, v:1, k:animal, mode:FULL, rate:0, size:56
2025-09-24 13:27:51, EXEC, v:1, k:animal, mode:FULL, rate:0
2025-09-24 13:27:51, EXEC, v:1, k:animal, mode:FULL, rate:0
2025-09-24 13:27:51, EXEC, v:1, k:animal, mode:FULL, rate:0
2025-09-24 13:27:52, EXEC, v:1, k:animal, mode:FULL, rate:0
2025-09-24 13:27:53, EXEC, v:1, k:animal, mode:FULL, rate:0
2025-09-24 13:28:55, EXEC, v:1, k:animal, mode:FULL, rate:0, size:55
2025-09-24 13:28:55, EXEC, v:1, k:animal, mode:FULL, rate:0, size:55
2025-09-24 13:28:56, EXEC, v:1, k:animal, mode:FULL, rate:0, size:55
2025-09-24 13:29:09, MOVE, v:1, k:animal, mode:PICK
2025-09-24 13:29:10, EXEC, v:1, k:animal, mode:FULL, rate:0
2025-09-24 13:30:10, EXEC, v:1, k:animal, mode:FULL, rate:0, size:55
2025-09-24 13:30:10, EXEC, v:1, k:animal, mode:FULL, rate:0, size:55
2025-09-24 13:30:39, EXEC, v:1, k:animal, mode:FULL, rate:0, size:57
2025-09-24 13:31:28, EXEC, v:1, k:animal, mode:FULL, rate:0, size:59
2025-09-24 13:31:28, EXEC, v:1, k:animal, mode:FULL, rate:0, size:59
2025-09-24 13:31:29, EXEC, v:1, k:animal, mode:FULL, rate:0, size:59
2025-09-24 13:31:29, EXEC, v:1, k:animal, mode:FULL, rate:0, size:59
2025-09-24 13:31:30, EXEC, v:1, k:animal, mode:FULL, rate:0, size:59
2025-09-24 13:31:30, EXEC, v:1, k:animal, mode:FULL, rate:0
2025-09-24 13:31:30, EXEC, v:1, k:animal, mode:FULL, rate:0
2025-09-24 13:31:40, EXEC, v:1, k:animal, mode:FULL, rate:0, size:59
2025-09-24 13:31:42, EXEC, v:1, k:animal, mode:FULL, rate:0
2025-09-24 13:31:58, MOVE, v:1, k:animal, mode:PICK
2025-09-24 13:31:59, EXEC, v:1, k:animal, mode:FULL, rate:0
2025-09-24 13:32:37, EXEC, v:1, k:animal, mode:FULL, rate:0, size:59
2025-09-24 13:32:37, EXEC, v:1, k:animal, mode:FULL, rate:0, size:59
2025-09-24 13:32:38, EXEC, v:1, k:animal, mode:FULL, rate:0, size:59
2025-09-24 13:32:38, EXEC, v:1, k:animal, mode:FULL, rate:0, size:59
2025-09-24 13:32:38, EXEC, v:1, k:animal, mode:FULL, rate:0, size:59
2025-09-24 13:32:38, EXEC, v:1, k:animal, mode:FULL, rate:0, size:59
2025-09-24 13:36:56, EXEC, v:1, k:animal, mode:FULL, rate:0, size:59
2025-09-24 13:36:56, EXEC, v:1, k:animal, mode:FULL, rate:0
2025-09-24 13:36:57, EXEC, v:1, k:animal, mode:FULL, rate:0
2025-09-24 13:36:59, EXEC, v:1, k:animal, mode:FULL, rate:0
2025-09-24 13:37:01, EXEC, v:1, k:animal, mode:FULL, rate:0
2025-09-24 13:37:36, MOVE, v:1, k:animal, mode:PICK
2025-09-24 13:37:37, EXEC, v:1, k:animal, mode:FULL, rate:0
2025-09-24 13:39:42, EXEC, v:1, k:animal, mode:FULL, rate:0, size:58
2025-09-24 13:39:42, EXEC, v:1, k:animal, mode:FULL, rate:0, size:58
2025-09-24 13:39:43, EXEC, v:1, k:animal, mode:FULL, rate:0, size:58
2025-09-24 13:39:43, EXEC, v:1, k:animal, mode:FULL, rate:0, size:58
2025-09-24 13:39:43, EXEC, v:1, k:animal, mode:FULL, rate:0, size:58
2025-09-24 13:39:48, EXEC, v:1, k:animal, mode:FULL, rate:0
2025-09-24 13:41:18, EXEC, v:1, k:animal, mode:FULL, rate:0, size:57
2025-09-24 13:41:31, EXEC, v:1, k:animal, mode:FULL, rate:0
2025-09-24 13:41:32, EXEC, v:1, k:animal, mode:FULL, rate:0
2025-09-24 13:43:31, EXEC, v:1, k:animal, mode:FULL, rate:25, size:57
2025-09-24 13:44:07, EXEC, v:1, k:animal, mode:FULL, rate:50, size:54
2025-09-24 13:44:20, EXEC, v:1, k:animal, mode:FULL, rate:50, size:57
2025-09-24 13:44:21, EXEC, v:1, k:animal, mode:FULL, rate:50
2025-09-24 13:44:22, EXEC, v:1, k:animal, mode:FULL, rate:50
2025-09-24 13:44:27, EXEC, v:1, k:animal, mode:FULL, rate:50
2025-09-24 13:46:02, EXEC, v:1, k:animal, mode:FULL, rate:50, size:57
2025-09-24 13:46:14, EXEC, v:1, k:animal, mode:FULL, rate:50, size:57
2025-09-24 13:46:15, EXEC, v:1, k:animal, mode:FULL, rate:50
2025-09-24 13:46:15, EXEC, v:1, k:animal, mode:FULL, rate:50
2025-09-24 13:46:21, EXEC, v:1, k:animal, mode:FULL, rate:0, size:57
2025-09-24 13:46:22, EXEC, v:1, k:animal, mode:FULL, rate:0
2025-09-24 13:46:35, EXEC, v:1, k:animal, mode:FULL, rate:50, size:57
2025-09-24 13:51:13, EXEC, v:1, k:animal, mode:FULL, rate:50, size:57
2025-09-24 13:51:14, EXEC, v:1, k:animal, mode:FULL, rate:50
2025-09-24 13:51:15, EXEC, v:1, k:animal, mode:FULL, rate:50
2025-09-24 13:51:15, EXEC, v:1, k:animal, mode:FULL, rate:50
2025-09-24 13:51:16, EXEC, v:1, k:animal, mode:FULL, rate:50
2025-09-24 13:51:17, EXEC, v:1, k:animal, mode:FULL, rate:50
2025-09-24 13:51:17, EXEC, v:1, k:animal, mode:FULL, rate:50
2025-09-24 13:51:17, EXEC, v:1, k:animal, mode:FULL, rate:50
2025-09-24 13:51:18, EXEC, v:1, k:animal, mode:FULL, rate:50
2025-09-24 13:51:18, EXEC, v:1, k:animal, mode:FULL, rate:50
2025-09-24 13:51:18, EXEC, v:1, k:animal, mode:FULL, rate:50
2025-09-24 13:51:18, EXEC, v:1, k:animal, mode:FULL, rate:50
2025-09-24 13:51:18, EXEC, v:1, k:animal, mode:FULL, rate:50
2025-09-24 13:51:18, EXEC, v:1, k:animal, mode:FULL, rate:50
2025-09-24 13:51:19, EXEC, v:1, k:animal, mode:FULL, rate:50
2025-09-24 13:51:19, EXEC, v:1, k:animal, mode:FULL, rate:50
2025-09-24 13:51:20, EXEC, v:1, k:animal, mode:FREE
2025-09-24 13:52:29, EXEC, v:1, k:animal, mode:FULL, rate:100, size:57
2025-09-24 13:52:48, MOVE, v:1, k:animal, mode:BACK
